<?xml version="1.0" encoding="UTF-8"?>
<testsuites name="TS01 - Search By Keyword" time="31.15" tests="9" failures="0" errors="0">
   <testsuite name="TS01 - Search By Keyword" tests="9" failures="0" errors="0" time="31.15" skipped="0" timestamp="05-03-2024T12:15:21" hostname="Administrator - 10.53.16.208" id="Test Suites/TS01 - Search By Keyword">
      <properties>
         <property name="deviceName" value=""/>
         <property name="devicePlatform" value=""/>
         <property name="logFolder" value="D:\\Project Angkan\\WebProject\\Reports\\25670305_121515\\TS01 - Search By Keyword\\25670305_121516"/>
         <property name="logFiles" value="D:\\Project Angkan\\WebProject\\Reports\\25670305_121515\\TS01 - Search By Keyword\\25670305_121516\\execution0.log"/>
         <property name="attachments" value="C:\xampp\htdocs\customer\img\TC01.png, C:\xampp\htdocs\customer\img\TC02.png, C:\xampp\htdocs\customer\img\TC03.png, C:\xampp\htdocs\customer\img\TC04.png, C:\xampp\htdocs\customer\img\TC05.png, C:\xampp\htdocs\customer\img\TC06.png, C:\xampp\htdocs\customer\img\TC08.png, C:\xampp\htdocs\customer\img\TC10.png, C:\xampp\htdocs\customer\img\TC11.png"/>
         <property name="hostName" value="Administrator - 10.53.16.208"/>
         <property name="os" value="Windows 10 64bit"/>
         <property name="katalonVersion" value="9.3.1.212"/>
         <property name="browser" value="Chrome 122.0.0.0"/>
         <property name="hostAddress" value="10.53.16.208"/>
         <property name="sessionId" value="c7a365d80a18496c5edebb85d36745fa"/>
         <property name="seleniumVersion" value="3.141.59"/>
         <property name="proxyInformation" value="ProxyInformation { proxyOption=NO_PROXY, proxyServerType=HTTP, username=, password=********, proxyServerAddress=, proxyServerPort=0, executionList=&quot;&quot;, isApplyToDesiredCapabilities=true }"/>
         <property name="platform" value="Windows 10"/>
      </properties>
      <testcase name="Test Cases/UC01 - Seach By Keyword/TC0101" time="4.14" classname="Test Cases/UC01 - Seach By Keyword/TC0101" status="PASSED">
         <system-out><![CDATA[05-03-2024T12:15:21 - [TEST_CASE][PASSED] - Test Cases/UC01 - Seach By Keyword/TC0101: Test Cases/UC01 - Seach By Keyword/TC0101

05-03-2024T12:15:21 - [TEST_STEP][PASSED] - openBrowser(""): Browser is opened with url: ''

05-03-2024T12:15:21 - [MESSAGE][INFO] - Starting 'Chrome' driver

05-03-2024T12:15:21 - [MESSAGE][INFO] - Action delay is set to 0 milliseconds

05-03-2024T12:15:22 - [MESSAGE][PASSED] - Browser is opened with url: ''

05-03-2024T12:15:22 - [TEST_STEP][PASSED] - navigateToUrl("http://127.0.0.1/customer/"): Navigate to 'http://127.0.0.1/customer/' successfully

05-03-2024T12:15:22 - [MESSAGE][PASSED] - Navigate to 'http://127.0.0.1/customer/' successfully

05-03-2024T12:15:22 - [TEST_STEP][PASSED] - setText(findTestObject("Object Repository/Page_Customer Details Form/input_First Name_firstname"), "johnjohn"): Text 'johnjohn' is set on object 'Object Repository/Page_Customer Details Form/input_First Name_firstname'

05-03-2024T12:15:23 - [MESSAGE][PASSED] - Text 'johnjohn' is set on object 'Object Repository/Page_Customer Details Form/input_First Name_firstname'

05-03-2024T12:15:23 - [TEST_STEP][PASSED] - setText(findTestObject("Page_Customer Details Form/input_Last Name_lastname"), "canonc"): Text 'canonc' is set on object 'Object Repository/Page_Customer Details Form/input_Last Name_lastname'

05-03-2024T12:15:24 - [MESSAGE][PASSED] - Text 'canonc' is set on object 'Object Repository/Page_Customer Details Form/input_Last Name_lastname'

05-03-2024T12:15:24 - [TEST_STEP][PASSED] - setText(findTestObject("Object Repository/Page_Customer Details Form/input_Age_age"), "2"): Text '2' is set on object 'Object Repository/Page_Customer Details Form/input_Age_age'

05-03-2024T12:15:24 - [MESSAGE][PASSED] - Text '2' is set on object 'Object Repository/Page_Customer Details Form/input_Age_age'

05-03-2024T12:15:24 - [TEST_STEP][PASSED] - verifyTextPresent("Customer Details", false): Text 'Customer Details' is present on page 

05-03-2024T12:15:24 - [MESSAGE][PASSED] - Text 'Customer Details' is present on page 

05-03-2024T12:15:24 - [TEST_STEP][PASSED] - click(findTestObject("Page_Customer Details Form/input_Age_sub")): Object: 'Object Repository/Page_Customer Details Form/input_Age_sub' is clicked on

05-03-2024T12:15:25 - [MESSAGE][PASSED] - Object: 'Object Repository/Page_Customer Details Form/input_Age_sub' is clicked on

05-03-2024T12:15:25 - [TEST_STEP][PASSED] - takeScreenshot("C:\xampp\htdocs\customer\img\TC01.png"): Taking screenshot successfully

05-03-2024T12:15:25 - [MESSAGE][PASSED] - Taking screenshot successfully
[[ATTACHMENT|C:\xampp\htdocs\customer\img\TC01.png]]

05-03-2024T12:15:25 - [TEST_STEP][PASSED] - closeBrowser(): Browser is closed

05-03-2024T12:15:25 - [MESSAGE][PASSED] - Browser is closed]]></system-out>
         <system-err><![CDATA[]]></system-err>
      </testcase>
      <testcase name="Test Cases/UC01 - Seach By Keyword/TC0102" time="3.384" classname="Test Cases/UC01 - Seach By Keyword/TC0102" status="PASSED">
         <system-out><![CDATA[05-03-2024T12:15:25 - [TEST_CASE][PASSED] - Test Cases/UC01 - Seach By Keyword/TC0102: Test Cases/UC01 - Seach By Keyword/TC0102

05-03-2024T12:15:25 - [TEST_STEP][PASSED] - openBrowser(""): Browser is opened with url: ''

05-03-2024T12:15:25 - [MESSAGE][INFO] - Starting 'Chrome' driver

05-03-2024T12:15:25 - [MESSAGE][INFO] - Action delay is set to 0 milliseconds

05-03-2024T12:15:26 - [MESSAGE][PASSED] - Browser is opened with url: ''

05-03-2024T12:15:26 - [TEST_STEP][PASSED] - navigateToUrl("http://127.0.0.1/customer/"): Navigate to 'http://127.0.0.1/customer/' successfully

05-03-2024T12:15:26 - [MESSAGE][PASSED] - Navigate to 'http://127.0.0.1/customer/' successfully

05-03-2024T12:15:26 - [TEST_STEP][PASSED] - setText(findTestObject("Object Repository/Page_Customer Details Form/input_First Name_firstname"), "Johnj"): Text 'Johnj' is set on object 'Object Repository/Page_Customer Details Form/input_First Name_firstname'

05-03-2024T12:15:27 - [MESSAGE][PASSED] - Text 'Johnj' is set on object 'Object Repository/Page_Customer Details Form/input_First Name_firstname'

05-03-2024T12:15:27 - [TEST_STEP][PASSED] - setText(findTestObject("Page_Customer Details Form/input_Last Name_lastname"), "canoncanoncano"): Text 'canoncanoncano' is set on object 'Object Repository/Page_Customer Details Form/input_Last Name_lastname'

05-03-2024T12:15:27 - [MESSAGE][PASSED] - Text 'canoncanoncano' is set on object 'Object Repository/Page_Customer Details Form/input_Last Name_lastname'

05-03-2024T12:15:27 - [TEST_STEP][PASSED] - setText(findTestObject("Object Repository/Page_Customer Details Form/input_Age_age"), "149"): Text '149' is set on object 'Object Repository/Page_Customer Details Form/input_Age_age'

05-03-2024T12:15:28 - [MESSAGE][PASSED] - Text '149' is set on object 'Object Repository/Page_Customer Details Form/input_Age_age'

05-03-2024T12:15:28 - [TEST_STEP][PASSED] - verifyTextPresent("Customer Details", false): Text 'Customer Details' is present on page 

05-03-2024T12:15:28 - [MESSAGE][PASSED] - Text 'Customer Details' is present on page 

05-03-2024T12:15:28 - [TEST_STEP][PASSED] - click(findTestObject("Page_Customer Details Form/input_Age_sub")): Object: 'Object Repository/Page_Customer Details Form/input_Age_sub' is clicked on

05-03-2024T12:15:28 - [MESSAGE][PASSED] - Object: 'Object Repository/Page_Customer Details Form/input_Age_sub' is clicked on

05-03-2024T12:15:28 - [TEST_STEP][PASSED] - takeScreenshot("C:\xampp\htdocs\customer\img\TC02.png"): Taking screenshot successfully

05-03-2024T12:15:29 - [MESSAGE][PASSED] - Taking screenshot successfully
[[ATTACHMENT|C:\xampp\htdocs\customer\img\TC02.png]]

05-03-2024T12:15:29 - [TEST_STEP][PASSED] - closeBrowser(): Browser is closed

05-03-2024T12:15:29 - [MESSAGE][PASSED] - Browser is closed]]></system-out>
         <system-err><![CDATA[]]></system-err>
      </testcase>
      <testcase name="Test Cases/UC01 - Seach By Keyword/TC0103" time="3.337" classname="Test Cases/UC01 - Seach By Keyword/TC0103" status="PASSED">
         <system-out><![CDATA[05-03-2024T12:15:29 - [TEST_CASE][PASSED] - Test Cases/UC01 - Seach By Keyword/TC0103: Test Cases/UC01 - Seach By Keyword/TC0103

05-03-2024T12:15:29 - [TEST_STEP][PASSED] - openBrowser(""): Browser is opened with url: ''

05-03-2024T12:15:29 - [MESSAGE][INFO] - Starting 'Chrome' driver

05-03-2024T12:15:29 - [MESSAGE][INFO] - Action delay is set to 0 milliseconds

05-03-2024T12:15:29 - [MESSAGE][PASSED] - Browser is opened with url: ''

05-03-2024T12:15:29 - [TEST_STEP][PASSED] - navigateToUrl("http://127.0.0.1/customer/"): Navigate to 'http://127.0.0.1/customer/' successfully

05-03-2024T12:15:29 - [MESSAGE][PASSED] - Navigate to 'http://127.0.0.1/customer/' successfully

05-03-2024T12:15:29 - [TEST_STEP][PASSED] - setText(findTestObject("Object Repository/Page_Customer Details Form/input_First Name_firstname"), "johnjo"): Text 'johnjo' is set on object 'Object Repository/Page_Customer Details Form/input_First Name_firstname'

05-03-2024T12:15:30 - [MESSAGE][PASSED] - Text 'johnjo' is set on object 'Object Repository/Page_Customer Details Form/input_First Name_firstname'

05-03-2024T12:15:30 - [TEST_STEP][PASSED] - setText(findTestObject("Page_Customer Details Form/input_Last Name_lastname"), "canoncanoncanon"): Text 'canoncanoncanon' is set on object 'Object Repository/Page_Customer Details Form/input_Last Name_lastname'

05-03-2024T12:15:30 - [MESSAGE][PASSED] - Text 'canoncanoncanon' is set on object 'Object Repository/Page_Customer Details Form/input_Last Name_lastname'

05-03-2024T12:15:30 - [TEST_STEP][PASSED] - setText(findTestObject("Object Repository/Page_Customer Details Form/input_Age_age"), "150"): Text '150' is set on object 'Object Repository/Page_Customer Details Form/input_Age_age'

05-03-2024T12:15:31 - [MESSAGE][PASSED] - Text '150' is set on object 'Object Repository/Page_Customer Details Form/input_Age_age'

05-03-2024T12:15:31 - [TEST_STEP][PASSED] - verifyTextPresent("Customer Details", false): Text 'Customer Details' is present on page 

05-03-2024T12:15:31 - [MESSAGE][PASSED] - Text 'Customer Details' is present on page 

05-03-2024T12:15:31 - [TEST_STEP][PASSED] - click(findTestObject("Page_Customer Details Form/input_Age_sub")): Object: 'Object Repository/Page_Customer Details Form/input_Age_sub' is clicked on

05-03-2024T12:15:31 - [MESSAGE][PASSED] - Object: 'Object Repository/Page_Customer Details Form/input_Age_sub' is clicked on

05-03-2024T12:15:32 - [TEST_STEP][PASSED] - takeScreenshot("C:\xampp\htdocs\customer\img\TC03.png"): Taking screenshot successfully

05-03-2024T12:15:32 - [MESSAGE][PASSED] - Taking screenshot successfully
[[ATTACHMENT|C:\xampp\htdocs\customer\img\TC03.png]]

05-03-2024T12:15:32 - [TEST_STEP][PASSED] - closeBrowser(): Browser is closed

05-03-2024T12:15:32 - [MESSAGE][PASSED] - Browser is closed]]></system-out>
         <system-err><![CDATA[]]></system-err>
      </testcase>
      <testcase name="Test Cases/UC01 - Seach By Keyword/TC0104" time="3.339" classname="Test Cases/UC01 - Seach By Keyword/TC0104" status="PASSED">
         <system-out><![CDATA[05-03-2024T12:15:32 - [TEST_CASE][PASSED] - Test Cases/UC01 - Seach By Keyword/TC0104: Test Cases/UC01 - Seach By Keyword/TC0104

05-03-2024T12:15:32 - [TEST_STEP][PASSED] - openBrowser(""): Browser is opened with url: ''

05-03-2024T12:15:32 - [MESSAGE][INFO] - Starting 'Chrome' driver

05-03-2024T12:15:32 - [MESSAGE][INFO] - Action delay is set to 0 milliseconds

05-03-2024T12:15:33 - [MESSAGE][PASSED] - Browser is opened with url: ''

05-03-2024T12:15:33 - [TEST_STEP][PASSED] - navigateToUrl("http://127.0.0.1/customer/"): Navigate to 'http://127.0.0.1/customer/' successfully

05-03-2024T12:15:33 - [MESSAGE][PASSED] - Navigate to 'http://127.0.0.1/customer/' successfully

05-03-2024T12:15:33 - [TEST_STEP][PASSED] - setText(findTestObject("Object Repository/Page_Customer Details Form/input_First Name_firstname"), "Johnjohnjohnjo"): Text 'Johnjohnjohnjo' is set on object 'Object Repository/Page_Customer Details Form/input_First Name_firstname'

05-03-2024T12:15:33 - [MESSAGE][PASSED] - Text 'Johnjohnjohnjo' is set on object 'Object Repository/Page_Customer Details Form/input_First Name_firstname'

05-03-2024T12:15:33 - [TEST_STEP][PASSED] - setText(findTestObject("Page_Customer Details Form/input_Last Name_lastname"), "canoncan"): Text 'canoncan' is set on object 'Object Repository/Page_Customer Details Form/input_Last Name_lastname'

05-03-2024T12:15:34 - [MESSAGE][PASSED] - Text 'canoncan' is set on object 'Object Repository/Page_Customer Details Form/input_Last Name_lastname'

05-03-2024T12:15:34 - [TEST_STEP][PASSED] - setText(findTestObject("Object Repository/Page_Customer Details Form/input_Age_age"), "75"): Text '75' is set on object 'Object Repository/Page_Customer Details Form/input_Age_age'

05-03-2024T12:15:34 - [MESSAGE][PASSED] - Text '75' is set on object 'Object Repository/Page_Customer Details Form/input_Age_age'

05-03-2024T12:15:34 - [TEST_STEP][PASSED] - verifyTextPresent("Customer Details", false): Text 'Customer Details' is present on page 

05-03-2024T12:15:35 - [MESSAGE][PASSED] - Text 'Customer Details' is present on page 

05-03-2024T12:15:35 - [TEST_STEP][PASSED] - click(findTestObject("Page_Customer Details Form/input_Age_sub")): Object: 'Object Repository/Page_Customer Details Form/input_Age_sub' is clicked on

05-03-2024T12:15:35 - [MESSAGE][PASSED] - Object: 'Object Repository/Page_Customer Details Form/input_Age_sub' is clicked on

05-03-2024T12:15:35 - [TEST_STEP][PASSED] - takeScreenshot("C:\xampp\htdocs\customer\img\TC04.png"): Taking screenshot successfully

05-03-2024T12:15:35 - [MESSAGE][PASSED] - Taking screenshot successfully
[[ATTACHMENT|C:\xampp\htdocs\customer\img\TC04.png]]

05-03-2024T12:15:35 - [TEST_STEP][PASSED] - closeBrowser(): Browser is closed

05-03-2024T12:15:35 - [MESSAGE][PASSED] - Browser is closed]]></system-out>
         <system-err><![CDATA[]]></system-err>
      </testcase>
      <testcase name="Test Cases/UC01 - Seach By Keyword/TC0105" time="3.417" classname="Test Cases/UC01 - Seach By Keyword/TC0105" status="PASSED">
         <system-out><![CDATA[05-03-2024T12:15:35 - [TEST_CASE][PASSED] - Test Cases/UC01 - Seach By Keyword/TC0105: Test Cases/UC01 - Seach By Keyword/TC0105

05-03-2024T12:15:35 - [TEST_STEP][PASSED] - openBrowser(""): Browser is opened with url: ''

05-03-2024T12:15:35 - [MESSAGE][INFO] - Starting 'Chrome' driver

05-03-2024T12:15:35 - [MESSAGE][INFO] - Action delay is set to 0 milliseconds

05-03-2024T12:15:36 - [MESSAGE][PASSED] - Browser is opened with url: ''

05-03-2024T12:15:36 - [TEST_STEP][PASSED] - navigateToUrl("http://127.0.0.1/customer/"): Navigate to 'http://127.0.0.1/customer/' successfully

05-03-2024T12:15:36 - [MESSAGE][PASSED] - Navigate to 'http://127.0.0.1/customer/' successfully

05-03-2024T12:15:36 - [TEST_STEP][PASSED] - setText(findTestObject("Object Repository/Page_Customer Details Form/input_First Name_firstname"), "johnjohnjohnjoh"): Text 'johnjohnjohnjoh' is set on object 'Object Repository/Page_Customer Details Form/input_First Name_firstname'

05-03-2024T12:15:37 - [MESSAGE][PASSED] - Text 'johnjohnjohnjoh' is set on object 'Object Repository/Page_Customer Details Form/input_First Name_firstname'

05-03-2024T12:15:37 - [TEST_STEP][PASSED] - setText(findTestObject("Page_Customer Details Form/input_Last Name_lastname"), "canoncan"): Text 'canoncan' is set on object 'Object Repository/Page_Customer Details Form/input_Last Name_lastname'

05-03-2024T12:15:37 - [MESSAGE][PASSED] - Text 'canoncan' is set on object 'Object Repository/Page_Customer Details Form/input_Last Name_lastname'

05-03-2024T12:15:37 - [TEST_STEP][PASSED] - setText(findTestObject("Object Repository/Page_Customer Details Form/input_Age_age"), "75"): Text '75' is set on object 'Object Repository/Page_Customer Details Form/input_Age_age'

05-03-2024T12:15:38 - [MESSAGE][PASSED] - Text '75' is set on object 'Object Repository/Page_Customer Details Form/input_Age_age'

05-03-2024T12:15:38 - [TEST_STEP][PASSED] - verifyTextPresent("Customer Details", false): Text 'Customer Details' is present on page 

05-03-2024T12:15:38 - [MESSAGE][PASSED] - Text 'Customer Details' is present on page 

05-03-2024T12:15:38 - [TEST_STEP][PASSED] - click(findTestObject("Page_Customer Details Form/input_Age_sub")): Object: 'Object Repository/Page_Customer Details Form/input_Age_sub' is clicked on

05-03-2024T12:15:38 - [MESSAGE][PASSED] - Object: 'Object Repository/Page_Customer Details Form/input_Age_sub' is clicked on

05-03-2024T12:15:38 - [TEST_STEP][PASSED] - takeScreenshot("C:\xampp\htdocs\customer\img\TC05.png"): Taking screenshot successfully

05-03-2024T12:15:39 - [MESSAGE][PASSED] - Taking screenshot successfully
[[ATTACHMENT|C:\xampp\htdocs\customer\img\TC05.png]]

05-03-2024T12:15:39 - [TEST_STEP][PASSED] - closeBrowser(): Browser is closed

05-03-2024T12:15:39 - [MESSAGE][PASSED] - Browser is closed]]></system-out>
         <system-err><![CDATA[]]></system-err>
      </testcase>
      <testcase name="Test Cases/UC01 - Seach By Keyword/TC0106" time="3.308" classname="Test Cases/UC01 - Seach By Keyword/TC0106" status="PASSED">
         <system-out><![CDATA[05-03-2024T12:15:39 - [TEST_CASE][PASSED] - Test Cases/UC01 - Seach By Keyword/TC0106: Test Cases/UC01 - Seach By Keyword/TC0106

05-03-2024T12:15:39 - [TEST_STEP][PASSED] - openBrowser(""): Browser is opened with url: ''

05-03-2024T12:15:39 - [MESSAGE][INFO] - Starting 'Chrome' driver

05-03-2024T12:15:39 - [MESSAGE][INFO] - Action delay is set to 0 milliseconds

05-03-2024T12:15:39 - [MESSAGE][PASSED] - Browser is opened with url: ''

05-03-2024T12:15:39 - [TEST_STEP][PASSED] - navigateToUrl("http://127.0.0.1/customer/"): Navigate to 'http://127.0.0.1/customer/' successfully

05-03-2024T12:15:39 - [MESSAGE][PASSED] - Navigate to 'http://127.0.0.1/customer/' successfully

05-03-2024T12:15:39 - [TEST_STEP][PASSED] - setText(findTestObject("Object Repository/Page_Customer Details Form/input_First Name_firstname"), "John"): Text 'John' is set on object 'Object Repository/Page_Customer Details Form/input_First Name_firstname'

05-03-2024T12:15:40 - [MESSAGE][PASSED] - Text 'John' is set on object 'Object Repository/Page_Customer Details Form/input_First Name_firstname'

05-03-2024T12:15:40 - [TEST_STEP][PASSED] - setText(findTestObject("Page_Customer Details Form/input_Last Name_lastname"), "canoncan"): Text 'canoncan' is set on object 'Object Repository/Page_Customer Details Form/input_Last Name_lastname'

05-03-2024T12:15:40 - [MESSAGE][PASSED] - Text 'canoncan' is set on object 'Object Repository/Page_Customer Details Form/input_Last Name_lastname'

05-03-2024T12:15:40 - [TEST_STEP][PASSED] - setText(findTestObject("Object Repository/Page_Customer Details Form/input_Age_age"), "75"): Text '75' is set on object 'Object Repository/Page_Customer Details Form/input_Age_age'

05-03-2024T12:15:41 - [MESSAGE][PASSED] - Text '75' is set on object 'Object Repository/Page_Customer Details Form/input_Age_age'

05-03-2024T12:15:41 - [TEST_STEP][PASSED] - verifyTextPresent("Customer Details", false): Text 'Customer Details' is present on page 

05-03-2024T12:15:41 - [MESSAGE][PASSED] - Text 'Customer Details' is present on page 

05-03-2024T12:15:41 - [TEST_STEP][PASSED] - click(findTestObject("Page_Customer Details Form/input_Age_sub")): Object: 'Object Repository/Page_Customer Details Form/input_Age_sub' is clicked on

05-03-2024T12:15:42 - [MESSAGE][PASSED] - Object: 'Object Repository/Page_Customer Details Form/input_Age_sub' is clicked on

05-03-2024T12:15:42 - [TEST_STEP][PASSED] - takeScreenshot("C:\xampp\htdocs\customer\img\TC06.png"): Taking screenshot successfully

05-03-2024T12:15:42 - [MESSAGE][PASSED] - Taking screenshot successfully
[[ATTACHMENT|C:\xampp\htdocs\customer\img\TC06.png]]

05-03-2024T12:15:42 - [TEST_STEP][PASSED] - closeBrowser(): Browser is closed

05-03-2024T12:15:42 - [MESSAGE][PASSED] - Browser is closed]]></system-out>
         <system-err><![CDATA[]]></system-err>
      </testcase>
      <testcase name="Test Cases/UC01 - Seach By Keyword/TC0108" time="3.422" classname="Test Cases/UC01 - Seach By Keyword/TC0108" status="PASSED">
         <system-out><![CDATA[05-03-2024T12:15:42 - [TEST_CASE][PASSED] - Test Cases/UC01 - Seach By Keyword/TC0108: Test Cases/UC01 - Seach By Keyword/TC0108

05-03-2024T12:15:42 - [TEST_STEP][PASSED] - openBrowser(""): Browser is opened with url: ''

05-03-2024T12:15:42 - [MESSAGE][INFO] - Starting 'Chrome' driver

05-03-2024T12:15:42 - [MESSAGE][INFO] - Action delay is set to 0 milliseconds

05-03-2024T12:15:43 - [MESSAGE][PASSED] - Browser is opened with url: ''

05-03-2024T12:15:43 - [TEST_STEP][PASSED] - navigateToUrl("http://127.0.0.1/customer/"): Navigate to 'http://127.0.0.1/customer/' successfully

05-03-2024T12:15:43 - [MESSAGE][PASSED] - Navigate to 'http://127.0.0.1/customer/' successfully

05-03-2024T12:15:43 - [TEST_STEP][PASSED] - setText(findTestObject("Object Repository/Page_Customer Details Form/input_First Name_firstname"), "johnjohn"): Text 'johnjohn' is set on object 'Object Repository/Page_Customer Details Form/input_First Name_firstname'

05-03-2024T12:15:43 - [MESSAGE][PASSED] - Text 'johnjohn' is set on object 'Object Repository/Page_Customer Details Form/input_First Name_firstname'

05-03-2024T12:15:43 - [TEST_STEP][PASSED] - setText(findTestObject("Page_Customer Details Form/input_Last Name_lastname"), "cano"): Text 'cano' is set on object 'Object Repository/Page_Customer Details Form/input_Last Name_lastname'

05-03-2024T12:15:44 - [MESSAGE][PASSED] - Text 'cano' is set on object 'Object Repository/Page_Customer Details Form/input_Last Name_lastname'

05-03-2024T12:15:44 - [TEST_STEP][PASSED] - setText(findTestObject("Object Repository/Page_Customer Details Form/input_Age_age"), "75"): Text '75' is set on object 'Object Repository/Page_Customer Details Form/input_Age_age'

05-03-2024T12:15:44 - [MESSAGE][PASSED] - Text '75' is set on object 'Object Repository/Page_Customer Details Form/input_Age_age'

05-03-2024T12:15:44 - [TEST_STEP][PASSED] - verifyTextPresent("Customer Details", false): Text 'Customer Details' is present on page 

05-03-2024T12:15:45 - [MESSAGE][PASSED] - Text 'Customer Details' is present on page 

05-03-2024T12:15:45 - [TEST_STEP][PASSED] - click(findTestObject("Page_Customer Details Form/input_Age_sub")): Object: 'Object Repository/Page_Customer Details Form/input_Age_sub' is clicked on

05-03-2024T12:15:45 - [MESSAGE][PASSED] - Object: 'Object Repository/Page_Customer Details Form/input_Age_sub' is clicked on

05-03-2024T12:15:45 - [TEST_STEP][PASSED] - takeScreenshot("C:\xampp\htdocs\customer\img\TC08.png"): Taking screenshot successfully

05-03-2024T12:15:45 - [MESSAGE][PASSED] - Taking screenshot successfully
[[ATTACHMENT|C:\xampp\htdocs\customer\img\TC08.png]]

05-03-2024T12:15:45 - [TEST_STEP][PASSED] - closeBrowser(): Browser is closed

05-03-2024T12:15:45 - [MESSAGE][PASSED] - Browser is closed]]></system-out>
         <system-err><![CDATA[]]></system-err>
      </testcase>
      <testcase name="Test Cases/UC01 - Seach By Keyword/TC0110" time="3.381" classname="Test Cases/UC01 - Seach By Keyword/TC0110" status="PASSED">
         <system-out><![CDATA[05-03-2024T12:15:45 - [TEST_CASE][PASSED] - Test Cases/UC01 - Seach By Keyword/TC0110: Test Cases/UC01 - Seach By Keyword/TC0110

05-03-2024T12:15:45 - [TEST_STEP][PASSED] - openBrowser(""): Browser is opened with url: ''

05-03-2024T12:15:45 - [MESSAGE][INFO] - Starting 'Chrome' driver

05-03-2024T12:15:45 - [MESSAGE][INFO] - Action delay is set to 0 milliseconds

05-03-2024T12:15:46 - [MESSAGE][PASSED] - Browser is opened with url: ''

05-03-2024T12:15:46 - [TEST_STEP][PASSED] - navigateToUrl("http://127.0.0.1/customer/"): Navigate to 'http://127.0.0.1/customer/' successfully

05-03-2024T12:15:46 - [MESSAGE][PASSED] - Navigate to 'http://127.0.0.1/customer/' successfully

05-03-2024T12:15:46 - [TEST_STEP][PASSED] - setText(findTestObject("Object Repository/Page_Customer Details Form/input_First Name_firstname"), "johnjohn"): Text 'johnjohn' is set on object 'Object Repository/Page_Customer Details Form/input_First Name_firstname'

05-03-2024T12:15:47 - [MESSAGE][PASSED] - Text 'johnjohn' is set on object 'Object Repository/Page_Customer Details Form/input_First Name_firstname'

05-03-2024T12:15:47 - [TEST_STEP][PASSED] - setText(findTestObject("Page_Customer Details Form/input_Last Name_lastname"), "canoncan"): Text 'canoncan' is set on object 'Object Repository/Page_Customer Details Form/input_Last Name_lastname'

05-03-2024T12:15:47 - [MESSAGE][PASSED] - Text 'canoncan' is set on object 'Object Repository/Page_Customer Details Form/input_Last Name_lastname'

05-03-2024T12:15:47 - [TEST_STEP][PASSED] - setText(findTestObject("Object Repository/Page_Customer Details Form/input_Age_age"), "0"): Text '0' is set on object 'Object Repository/Page_Customer Details Form/input_Age_age'

05-03-2024T12:15:48 - [MESSAGE][PASSED] - Text '0' is set on object 'Object Repository/Page_Customer Details Form/input_Age_age'

05-03-2024T12:15:48 - [TEST_STEP][PASSED] - verifyTextPresent("Customer Details", false): Text 'Customer Details' is present on page 

05-03-2024T12:15:48 - [MESSAGE][PASSED] - Text 'Customer Details' is present on page 

05-03-2024T12:15:48 - [TEST_STEP][PASSED] - click(findTestObject("Page_Customer Details Form/input_Age_sub")): Object: 'Object Repository/Page_Customer Details Form/input_Age_sub' is clicked on

05-03-2024T12:15:48 - [MESSAGE][PASSED] - Object: 'Object Repository/Page_Customer Details Form/input_Age_sub' is clicked on

05-03-2024T12:15:48 - [TEST_STEP][PASSED] - takeScreenshot("C:\xampp\htdocs\customer\img\TC10.png"): Taking screenshot successfully

05-03-2024T12:15:49 - [MESSAGE][PASSED] - Taking screenshot successfully
[[ATTACHMENT|C:\xampp\htdocs\customer\img\TC10.png]]

05-03-2024T12:15:49 - [TEST_STEP][PASSED] - closeBrowser(): Browser is closed

05-03-2024T12:15:49 - [MESSAGE][PASSED] - Browser is closed]]></system-out>
         <system-err><![CDATA[]]></system-err>
      </testcase>
      <testcase name="Test Cases/UC01 - Seach By Keyword/TC0111" time="3.284" classname="Test Cases/UC01 - Seach By Keyword/TC0111" status="PASSED">
         <system-out><![CDATA[05-03-2024T12:15:49 - [TEST_CASE][PASSED] - Test Cases/UC01 - Seach By Keyword/TC0111: Test Cases/UC01 - Seach By Keyword/TC0111

05-03-2024T12:15:49 - [TEST_STEP][PASSED] - openBrowser(""): Browser is opened with url: ''

05-03-2024T12:15:49 - [MESSAGE][INFO] - Starting 'Chrome' driver

05-03-2024T12:15:49 - [MESSAGE][INFO] - Action delay is set to 0 milliseconds

05-03-2024T12:15:49 - [MESSAGE][PASSED] - Browser is opened with url: ''

05-03-2024T12:15:49 - [TEST_STEP][PASSED] - navigateToUrl("http://127.0.0.1/customer/"): Navigate to 'http://127.0.0.1/customer/' successfully

05-03-2024T12:15:49 - [MESSAGE][PASSED] - Navigate to 'http://127.0.0.1/customer/' successfully

05-03-2024T12:15:49 - [TEST_STEP][PASSED] - setText(findTestObject("Object Repository/Page_Customer Details Form/input_First Name_firstname"), "johnjohn"): Text 'johnjohn' is set on object 'Object Repository/Page_Customer Details Form/input_First Name_firstname'

05-03-2024T12:15:50 - [MESSAGE][PASSED] - Text 'johnjohn' is set on object 'Object Repository/Page_Customer Details Form/input_First Name_firstname'

05-03-2024T12:15:50 - [TEST_STEP][PASSED] - setText(findTestObject("Page_Customer Details Form/input_Last Name_lastname"), "canoncan"): Text 'canoncan' is set on object 'Object Repository/Page_Customer Details Form/input_Last Name_lastname'

05-03-2024T12:15:51 - [MESSAGE][PASSED] - Text 'canoncan' is set on object 'Object Repository/Page_Customer Details Form/input_Last Name_lastname'

05-03-2024T12:15:51 - [TEST_STEP][PASSED] - setText(findTestObject("Object Repository/Page_Customer Details Form/input_Age_age"), "151"): Text '151' is set on object 'Object Repository/Page_Customer Details Form/input_Age_age'

05-03-2024T12:15:51 - [MESSAGE][PASSED] - Text '151' is set on object 'Object Repository/Page_Customer Details Form/input_Age_age'

05-03-2024T12:15:51 - [TEST_STEP][PASSED] - verifyTextPresent("Customer Details", false): Text 'Customer Details' is present on page 

05-03-2024T12:15:51 - [MESSAGE][PASSED] - Text 'Customer Details' is present on page 

05-03-2024T12:15:51 - [TEST_STEP][PASSED] - click(findTestObject("Page_Customer Details Form/input_Age_sub")): Object: 'Object Repository/Page_Customer Details Form/input_Age_sub' is clicked on

05-03-2024T12:15:52 - [MESSAGE][PASSED] - Object: 'Object Repository/Page_Customer Details Form/input_Age_sub' is clicked on

05-03-2024T12:15:52 - [TEST_STEP][PASSED] - takeScreenshot("C:\xampp\htdocs\customer\img\TC11.png"): Taking screenshot successfully

05-03-2024T12:15:52 - [MESSAGE][PASSED] - Taking screenshot successfully
[[ATTACHMENT|C:\xampp\htdocs\customer\img\TC11.png]]

05-03-2024T12:15:52 - [TEST_STEP][PASSED] - closeBrowser(): Browser is closed

05-03-2024T12:15:52 - [MESSAGE][PASSED] - Browser is closed]]></system-out>
         <system-err><![CDATA[]]></system-err>
      </testcase>
      <system-out><![CDATA[05-03-2024T12:15:21 - [TEST_SUITE][PASSED] - TS01 - Search By Keyword: Test Cases/UC01 - Seach By Keyword/TC0111]]></system-out>
      <system-err><![CDATA[]]></system-err>
   </testsuite>
</testsuites>
